c:\myproject\wlsy\pjproject-2.9\pjmedia\lib\pjmedia-audiodev-i386-win32-vc14-release.bsc
c:\myproject\wlsy\pjproject-2.9\pjmedia\build\output\pjmedia_audiodev-i386-win32-vc14-release\pjmedia_audiodev.pdb
c:\myproject\wlsy\pjproject-2.9\pjmedia\build\output\pjmedia_audiodev-i386-win32-vc14-release\audiodev.sbr
c:\myproject\wlsy\pjproject-2.9\pjmedia\build\output\pjmedia_audiodev-i386-win32-vc14-release\audiotest.sbr
c:\myproject\wlsy\pjproject-2.9\pjmedia\build\output\pjmedia_audiodev-i386-win32-vc14-release\bdimad_dev.sbr
c:\myproject\wlsy\pjproject-2.9\pjmedia\build\output\pjmedia_audiodev-i386-win32-vc14-release\errno.sbr
c:\myproject\wlsy\pjproject-2.9\pjmedia\build\output\pjmedia_audiodev-i386-win32-vc14-release\legacy_dev.sbr
c:\myproject\wlsy\pjproject-2.9\pjmedia\build\output\pjmedia_audiodev-i386-win32-vc14-release\null_dev.sbr
c:\myproject\wlsy\pjproject-2.9\pjmedia\build\output\pjmedia_audiodev-i386-win32-vc14-release\pa_dev.sbr
c:\myproject\wlsy\pjproject-2.9\pjmedia\build\output\pjmedia_audiodev-i386-win32-vc14-release\wmme_dev.sbr
c:\myproject\wlsy\pjproject-2.9\pjmedia\build\output\pjmedia_audiodev-i386-win32-vc14-release\wmme_dev.obj
c:\myproject\wlsy\pjproject-2.9\pjmedia\build\output\pjmedia_audiodev-i386-win32-vc14-release\pa_dev.obj
c:\myproject\wlsy\pjproject-2.9\pjmedia\build\output\pjmedia_audiodev-i386-win32-vc14-release\null_dev.obj
c:\myproject\wlsy\pjproject-2.9\pjmedia\build\output\pjmedia_audiodev-i386-win32-vc14-release\legacy_dev.obj
c:\myproject\wlsy\pjproject-2.9\pjmedia\build\output\pjmedia_audiodev-i386-win32-vc14-release\errno.obj
c:\myproject\wlsy\pjproject-2.9\pjmedia\build\output\pjmedia_audiodev-i386-win32-vc14-release\bdimad_dev.obj
c:\myproject\wlsy\pjproject-2.9\pjmedia\build\output\pjmedia_audiodev-i386-win32-vc14-release\audiotest.obj
c:\myproject\wlsy\pjproject-2.9\pjmedia\build\output\pjmedia_audiodev-i386-win32-vc14-release\audiodev.obj
c:\myproject\wlsy\pjproject-2.9\pjmedia\lib\pjmedia-audiodev-i386-win32-vc14-release.lib
c:\myproject\wlsy\pjproject-2.9\pjmedia\build\..\lib\pjmedia-audiodev-i386-win32-vc14-release.lib
c:\myproject\wlsy\pjproject-2.9\pjmedia\build\output\pjmedia_audiodev-i386-win32-vc14-release\pjmedia_audiodev.tlog\bscmake.command.1.tlog
c:\myproject\wlsy\pjproject-2.9\pjmedia\build\output\pjmedia_audiodev-i386-win32-vc14-release\pjmedia_audiodev.tlog\bscmake.read.1.tlog
c:\myproject\wlsy\pjproject-2.9\pjmedia\build\output\pjmedia_audiodev-i386-win32-vc14-release\pjmedia_audiodev.tlog\bscmake.write.1.tlog
c:\myproject\wlsy\pjproject-2.9\pjmedia\build\output\pjmedia_audiodev-i386-win32-vc14-release\pjmedia_audiodev.tlog\cl.command.1.tlog
c:\myproject\wlsy\pjproject-2.9\pjmedia\build\output\pjmedia_audiodev-i386-win32-vc14-release\pjmedia_audiodev.tlog\cl.read.1.tlog
c:\myproject\wlsy\pjproject-2.9\pjmedia\build\output\pjmedia_audiodev-i386-win32-vc14-release\pjmedia_audiodev.tlog\cl.write.1.tlog
c:\myproject\wlsy\pjproject-2.9\pjmedia\build\output\pjmedia_audiodev-i386-win32-vc14-release\pjmedia_audiodev.tlog\lib-link.read.1.tlog
c:\myproject\wlsy\pjproject-2.9\pjmedia\build\output\pjmedia_audiodev-i386-win32-vc14-release\pjmedia_audiodev.tlog\lib-link.write.1.tlog
c:\myproject\wlsy\pjproject-2.9\pjmedia\build\output\pjmedia_audiodev-i386-win32-vc14-release\pjmedia_audiodev.tlog\lib.command.1.tlog
