c:\myproject\wlsy\pjproject-2.9\pjnath\lib\pjnath-i386-win32-vc14-release.bsc
c:\myproject\wlsy\pjproject-2.9\pjnath\build\output\pjnath-i386-win32-vc14-release\pjnath.pdb
c:\myproject\wlsy\pjproject-2.9\pjnath\build\output\pjnath-i386-win32-vc14-release\errno.sbr
c:\myproject\wlsy\pjproject-2.9\pjnath\build\output\pjnath-i386-win32-vc14-release\ice_session.sbr
c:\myproject\wlsy\pjproject-2.9\pjnath\build\output\pjnath-i386-win32-vc14-release\ice_strans.sbr
c:\myproject\wlsy\pjproject-2.9\pjnath\build\output\pjnath-i386-win32-vc14-release\nat_detect.sbr
c:\myproject\wlsy\pjproject-2.9\pjnath\build\output\pjnath-i386-win32-vc14-release\stun_auth.sbr
c:\myproject\wlsy\pjproject-2.9\pjnath\build\output\pjnath-i386-win32-vc14-release\stun_msg.sbr
c:\myproject\wlsy\pjproject-2.9\pjnath\build\output\pjnath-i386-win32-vc14-release\stun_msg_dump.sbr
c:\myproject\wlsy\pjproject-2.9\pjnath\build\output\pjnath-i386-win32-vc14-release\stun_session.sbr
c:\myproject\wlsy\pjproject-2.9\pjnath\build\output\pjnath-i386-win32-vc14-release\stun_sock.sbr
c:\myproject\wlsy\pjproject-2.9\pjnath\build\output\pjnath-i386-win32-vc14-release\stun_transaction.sbr
c:\myproject\wlsy\pjproject-2.9\pjnath\build\output\pjnath-i386-win32-vc14-release\turn_session.sbr
c:\myproject\wlsy\pjproject-2.9\pjnath\build\output\pjnath-i386-win32-vc14-release\turn_sock.sbr
c:\myproject\wlsy\pjproject-2.9\pjnath\build\output\pjnath-i386-win32-vc14-release\turn_sock.obj
c:\myproject\wlsy\pjproject-2.9\pjnath\build\output\pjnath-i386-win32-vc14-release\turn_session.obj
c:\myproject\wlsy\pjproject-2.9\pjnath\build\output\pjnath-i386-win32-vc14-release\stun_transaction.obj
c:\myproject\wlsy\pjproject-2.9\pjnath\build\output\pjnath-i386-win32-vc14-release\stun_sock.obj
c:\myproject\wlsy\pjproject-2.9\pjnath\build\output\pjnath-i386-win32-vc14-release\stun_session.obj
c:\myproject\wlsy\pjproject-2.9\pjnath\build\output\pjnath-i386-win32-vc14-release\stun_msg_dump.obj
c:\myproject\wlsy\pjproject-2.9\pjnath\build\output\pjnath-i386-win32-vc14-release\stun_msg.obj
c:\myproject\wlsy\pjproject-2.9\pjnath\build\output\pjnath-i386-win32-vc14-release\stun_auth.obj
c:\myproject\wlsy\pjproject-2.9\pjnath\build\output\pjnath-i386-win32-vc14-release\nat_detect.obj
c:\myproject\wlsy\pjproject-2.9\pjnath\build\output\pjnath-i386-win32-vc14-release\ice_strans.obj
c:\myproject\wlsy\pjproject-2.9\pjnath\build\output\pjnath-i386-win32-vc14-release\ice_session.obj
c:\myproject\wlsy\pjproject-2.9\pjnath\build\output\pjnath-i386-win32-vc14-release\errno.obj
c:\myproject\wlsy\pjproject-2.9\pjnath\lib\pjnath-i386-win32-vc14-release.lib
c:\myproject\wlsy\pjproject-2.9\pjnath\build\..\lib\pjnath-i386-win32-vc14-release.lib
c:\myproject\wlsy\pjproject-2.9\pjnath\build\output\pjnath-i386-win32-vc14-release\pjnath.tlog\bscmake.command.1.tlog
c:\myproject\wlsy\pjproject-2.9\pjnath\build\output\pjnath-i386-win32-vc14-release\pjnath.tlog\bscmake.read.1.tlog
c:\myproject\wlsy\pjproject-2.9\pjnath\build\output\pjnath-i386-win32-vc14-release\pjnath.tlog\bscmake.write.1.tlog
c:\myproject\wlsy\pjproject-2.9\pjnath\build\output\pjnath-i386-win32-vc14-release\pjnath.tlog\cl.command.1.tlog
c:\myproject\wlsy\pjproject-2.9\pjnath\build\output\pjnath-i386-win32-vc14-release\pjnath.tlog\cl.read.1.tlog
c:\myproject\wlsy\pjproject-2.9\pjnath\build\output\pjnath-i386-win32-vc14-release\pjnath.tlog\cl.write.1.tlog
c:\myproject\wlsy\pjproject-2.9\pjnath\build\output\pjnath-i386-win32-vc14-release\pjnath.tlog\lib-link.read.1.tlog
c:\myproject\wlsy\pjproject-2.9\pjnath\build\output\pjnath-i386-win32-vc14-release\pjnath.tlog\lib-link.write.1.tlog
c:\myproject\wlsy\pjproject-2.9\pjnath\build\output\pjnath-i386-win32-vc14-release\pjnath.tlog\lib.command.1.tlog
