c:\myproject\wlsy\pjproject-2.9\pjsip\lib\pjsua-lib-i386-win32-vc14-release.bsc
c:\myproject\wlsy\pjproject-2.9\pjsip\build\output\pjsua_lib-i386-win32-vc14-release\pjsua_lib.pdb
c:\myproject\wlsy\pjproject-2.9\pjsip\build\output\pjsua_lib-i386-win32-vc14-release\pjsua_acc.sbr
c:\myproject\wlsy\pjproject-2.9\pjsip\build\output\pjsua_lib-i386-win32-vc14-release\pjsua_aud.sbr
c:\myproject\wlsy\pjproject-2.9\pjsip\build\output\pjsua_lib-i386-win32-vc14-release\pjsua_call.sbr
c:\myproject\wlsy\pjproject-2.9\pjsip\build\output\pjsua_lib-i386-win32-vc14-release\pjsua_core.sbr
c:\myproject\wlsy\pjproject-2.9\pjsip\build\output\pjsua_lib-i386-win32-vc14-release\pjsua_dump.sbr
c:\myproject\wlsy\pjproject-2.9\pjsip\build\output\pjsua_lib-i386-win32-vc14-release\pjsua_im.sbr
c:\myproject\wlsy\pjproject-2.9\pjsip\build\output\pjsua_lib-i386-win32-vc14-release\pjsua_media.sbr
c:\myproject\wlsy\pjproject-2.9\pjsip\build\output\pjsua_lib-i386-win32-vc14-release\pjsua_pres.sbr
c:\myproject\wlsy\pjproject-2.9\pjsip\build\output\pjsua_lib-i386-win32-vc14-release\pjsua_vid.sbr
c:\myproject\wlsy\pjproject-2.9\pjsip\build\output\pjsua_lib-i386-win32-vc14-release\pjsua_vid.obj
c:\myproject\wlsy\pjproject-2.9\pjsip\build\output\pjsua_lib-i386-win32-vc14-release\pjsua_pres.obj
c:\myproject\wlsy\pjproject-2.9\pjsip\build\output\pjsua_lib-i386-win32-vc14-release\pjsua_media.obj
c:\myproject\wlsy\pjproject-2.9\pjsip\build\output\pjsua_lib-i386-win32-vc14-release\pjsua_im.obj
c:\myproject\wlsy\pjproject-2.9\pjsip\build\output\pjsua_lib-i386-win32-vc14-release\pjsua_dump.obj
c:\myproject\wlsy\pjproject-2.9\pjsip\build\output\pjsua_lib-i386-win32-vc14-release\pjsua_core.obj
c:\myproject\wlsy\pjproject-2.9\pjsip\build\output\pjsua_lib-i386-win32-vc14-release\pjsua_call.obj
c:\myproject\wlsy\pjproject-2.9\pjsip\build\output\pjsua_lib-i386-win32-vc14-release\pjsua_aud.obj
c:\myproject\wlsy\pjproject-2.9\pjsip\build\output\pjsua_lib-i386-win32-vc14-release\pjsua_acc.obj
c:\myproject\wlsy\pjproject-2.9\pjsip\lib\pjsua-lib-i386-win32-vc14-release.lib
c:\myproject\wlsy\pjproject-2.9\pjsip\build\..\lib\pjsua-lib-i386-win32-vc14-release.lib
c:\myproject\wlsy\pjproject-2.9\pjsip\build\output\pjsua_lib-i386-win32-vc14-release\pjsua_lib.tlog\bscmake.command.1.tlog
c:\myproject\wlsy\pjproject-2.9\pjsip\build\output\pjsua_lib-i386-win32-vc14-release\pjsua_lib.tlog\bscmake.read.1.tlog
c:\myproject\wlsy\pjproject-2.9\pjsip\build\output\pjsua_lib-i386-win32-vc14-release\pjsua_lib.tlog\bscmake.write.1.tlog
c:\myproject\wlsy\pjproject-2.9\pjsip\build\output\pjsua_lib-i386-win32-vc14-release\pjsua_lib.tlog\cl.command.1.tlog
c:\myproject\wlsy\pjproject-2.9\pjsip\build\output\pjsua_lib-i386-win32-vc14-release\pjsua_lib.tlog\cl.read.1.tlog
c:\myproject\wlsy\pjproject-2.9\pjsip\build\output\pjsua_lib-i386-win32-vc14-release\pjsua_lib.tlog\cl.write.1.tlog
c:\myproject\wlsy\pjproject-2.9\pjsip\build\output\pjsua_lib-i386-win32-vc14-release\pjsua_lib.tlog\lib-link.read.1.tlog
c:\myproject\wlsy\pjproject-2.9\pjsip\build\output\pjsua_lib-i386-win32-vc14-release\pjsua_lib.tlog\lib-link.write.1.tlog
c:\myproject\wlsy\pjproject-2.9\pjsip\build\output\pjsua_lib-i386-win32-vc14-release\pjsua_lib.tlog\lib.command.1.tlog
