c:\myproject\wlsy\pjproject-2.9\pjsip-apps\bin\pjsua-i386-win32-vc14-release.bsc
c:\myproject\wlsy\pjproject-2.9\pjsip-apps\build\output\pjsua-i386-win32-vc14-release\vc140.pdb
c:\myproject\wlsy\pjproject-2.9\pjsip-apps\build\output\pjsua-i386-win32-vc14-release\main.sbr
c:\myproject\wlsy\pjproject-2.9\pjsip-apps\build\output\pjsua-i386-win32-vc14-release\pjsua_app.sbr
c:\myproject\wlsy\pjproject-2.9\pjsip-apps\build\output\pjsua-i386-win32-vc14-release\pjsua_app_cli.sbr
c:\myproject\wlsy\pjproject-2.9\pjsip-apps\build\output\pjsua-i386-win32-vc14-release\pjsua_app_common.sbr
c:\myproject\wlsy\pjproject-2.9\pjsip-apps\build\output\pjsua-i386-win32-vc14-release\pjsua_app_config.sbr
c:\myproject\wlsy\pjproject-2.9\pjsip-apps\build\output\pjsua-i386-win32-vc14-release\pjsua_app_legacy.sbr
c:\myproject\wlsy\pjproject-2.9\pjsip-apps\build\output\pjsua-i386-win32-vc14-release\pjsua_app_legacy.obj
c:\myproject\wlsy\pjproject-2.9\pjsip-apps\build\output\pjsua-i386-win32-vc14-release\pjsua_app_config.obj
c:\myproject\wlsy\pjproject-2.9\pjsip-apps\build\output\pjsua-i386-win32-vc14-release\pjsua_app_common.obj
c:\myproject\wlsy\pjproject-2.9\pjsip-apps\build\output\pjsua-i386-win32-vc14-release\pjsua_app_cli.obj
c:\myproject\wlsy\pjproject-2.9\pjsip-apps\build\output\pjsua-i386-win32-vc14-release\pjsua_app.obj
c:\myproject\wlsy\pjproject-2.9\pjsip-apps\build\output\pjsua-i386-win32-vc14-release\main.obj
c:\myproject\wlsy\pjproject-2.9\pjsip-apps\bin\pjsua-i386-win32-vc14-release.exe
c:\myproject\wlsy\pjproject-2.9\pjsip-apps\bin\pjsua-i386-win32-vc14-release.pdb
c:\myproject\wlsy\pjproject-2.9\pjsip-apps\build\..\bin\pjsua-i386-win32-vc14-release.exe
c:\myproject\wlsy\pjproject-2.9\pjsip-apps\build\output\pjsua-i386-win32-vc14-release\pjsua.tlog\bscmake.command.1.tlog
c:\myproject\wlsy\pjproject-2.9\pjsip-apps\build\output\pjsua-i386-win32-vc14-release\pjsua.tlog\bscmake.read.1.tlog
c:\myproject\wlsy\pjproject-2.9\pjsip-apps\build\output\pjsua-i386-win32-vc14-release\pjsua.tlog\bscmake.write.1.tlog
c:\myproject\wlsy\pjproject-2.9\pjsip-apps\build\output\pjsua-i386-win32-vc14-release\pjsua.tlog\cl.command.1.tlog
c:\myproject\wlsy\pjproject-2.9\pjsip-apps\build\output\pjsua-i386-win32-vc14-release\pjsua.tlog\cl.read.1.tlog
c:\myproject\wlsy\pjproject-2.9\pjsip-apps\build\output\pjsua-i386-win32-vc14-release\pjsua.tlog\cl.write.1.tlog
c:\myproject\wlsy\pjproject-2.9\pjsip-apps\build\output\pjsua-i386-win32-vc14-release\pjsua.tlog\link.command.1.tlog
c:\myproject\wlsy\pjproject-2.9\pjsip-apps\build\output\pjsua-i386-win32-vc14-release\pjsua.tlog\link.read.1.tlog
c:\myproject\wlsy\pjproject-2.9\pjsip-apps\build\output\pjsua-i386-win32-vc14-release\pjsua.tlog\link.write.1.tlog
