c:\myproject\wlsy\pjproject-2.9\pjmedia\lib\pjmedia-videodev-i386-win32-vc14-release.bsc
c:\myproject\wlsy\pjproject-2.9\pjmedia\build\output\pjmedia_videodev-i386-win32-vc14-release\pjmedia_videodev.pdb
c:\myproject\wlsy\pjproject-2.9\pjmedia\build\output\pjmedia_videodev-i386-win32-vc14-release\avi_dev.sbr
c:\myproject\wlsy\pjproject-2.9\pjmedia\build\output\pjmedia_videodev-i386-win32-vc14-release\colorbar_dev.sbr
c:\myproject\wlsy\pjproject-2.9\pjmedia\build\output\pjmedia_videodev-i386-win32-vc14-release\dshow_dev.sbr
c:\myproject\wlsy\pjproject-2.9\pjmedia\build\output\pjmedia_videodev-i386-win32-vc14-release\errno.sbr
c:\myproject\wlsy\pjproject-2.9\pjmedia\build\output\pjmedia_videodev-i386-win32-vc14-release\ffmpeg_dev.sbr
c:\myproject\wlsy\pjproject-2.9\pjmedia\build\output\pjmedia_videodev-i386-win32-vc14-release\sdl_dev.sbr
c:\myproject\wlsy\pjproject-2.9\pjmedia\build\output\pjmedia_videodev-i386-win32-vc14-release\videodev.sbr
c:\myproject\wlsy\pjproject-2.9\pjmedia\build\output\pjmedia_videodev-i386-win32-vc14-release\videodev.obj
c:\myproject\wlsy\pjproject-2.9\pjmedia\build\output\pjmedia_videodev-i386-win32-vc14-release\sdl_dev.obj
c:\myproject\wlsy\pjproject-2.9\pjmedia\build\output\pjmedia_videodev-i386-win32-vc14-release\ffmpeg_dev.obj
c:\myproject\wlsy\pjproject-2.9\pjmedia\build\output\pjmedia_videodev-i386-win32-vc14-release\errno.obj
c:\myproject\wlsy\pjproject-2.9\pjmedia\build\output\pjmedia_videodev-i386-win32-vc14-release\dshow_dev.obj
c:\myproject\wlsy\pjproject-2.9\pjmedia\build\output\pjmedia_videodev-i386-win32-vc14-release\colorbar_dev.obj
c:\myproject\wlsy\pjproject-2.9\pjmedia\build\output\pjmedia_videodev-i386-win32-vc14-release\avi_dev.obj
c:\myproject\wlsy\pjproject-2.9\pjmedia\build\output\pjmedia_videodev-i386-win32-vc14-release\dshowclasses.sbr
c:\myproject\wlsy\pjproject-2.9\pjmedia\build\output\pjmedia_videodev-i386-win32-vc14-release\dshowclasses.obj
c:\myproject\wlsy\pjproject-2.9\pjmedia\lib\pjmedia-videodev-i386-win32-vc14-release.lib
c:\myproject\wlsy\pjproject-2.9\pjmedia\build\..\lib\pjmedia-videodev-i386-win32-vc14-release.lib
c:\myproject\wlsy\pjproject-2.9\pjmedia\build\output\pjmedia_videodev-i386-win32-vc14-release\pjmedia_videodev.tlog\bscmake.command.1.tlog
c:\myproject\wlsy\pjproject-2.9\pjmedia\build\output\pjmedia_videodev-i386-win32-vc14-release\pjmedia_videodev.tlog\bscmake.read.1.tlog
c:\myproject\wlsy\pjproject-2.9\pjmedia\build\output\pjmedia_videodev-i386-win32-vc14-release\pjmedia_videodev.tlog\bscmake.write.1.tlog
c:\myproject\wlsy\pjproject-2.9\pjmedia\build\output\pjmedia_videodev-i386-win32-vc14-release\pjmedia_videodev.tlog\cl.command.1.tlog
c:\myproject\wlsy\pjproject-2.9\pjmedia\build\output\pjmedia_videodev-i386-win32-vc14-release\pjmedia_videodev.tlog\cl.read.1.tlog
c:\myproject\wlsy\pjproject-2.9\pjmedia\build\output\pjmedia_videodev-i386-win32-vc14-release\pjmedia_videodev.tlog\cl.write.1.tlog
c:\myproject\wlsy\pjproject-2.9\pjmedia\build\output\pjmedia_videodev-i386-win32-vc14-release\pjmedia_videodev.tlog\lib-link.read.1.tlog
c:\myproject\wlsy\pjproject-2.9\pjmedia\build\output\pjmedia_videodev-i386-win32-vc14-release\pjmedia_videodev.tlog\lib-link.write.1.tlog
c:\myproject\wlsy\pjproject-2.9\pjmedia\build\output\pjmedia_videodev-i386-win32-vc14-release\pjmedia_videodev.tlog\lib.command.1.tlog
