c:\myproject\wlsy\pjproject-2.9\pjsip\lib\pjsua2-lib-i386-win32-vc14-release.bsc
c:\myproject\wlsy\pjproject-2.9\pjsip\build\output\pjsua2_lib-i386-win32-vc14-release\pjsua2_lib.pdb
c:\myproject\wlsy\pjproject-2.9\pjsip\build\output\pjsua2_lib-i386-win32-vc14-release\account.sbr
c:\myproject\wlsy\pjproject-2.9\pjsip\build\output\pjsua2_lib-i386-win32-vc14-release\call.sbr
c:\myproject\wlsy\pjproject-2.9\pjsip\build\output\pjsua2_lib-i386-win32-vc14-release\endpoint.sbr
c:\myproject\wlsy\pjproject-2.9\pjsip\build\output\pjsua2_lib-i386-win32-vc14-release\json.sbr
c:\myproject\wlsy\pjproject-2.9\pjsip\build\output\pjsua2_lib-i386-win32-vc14-release\media.sbr
c:\myproject\wlsy\pjproject-2.9\pjsip\build\output\pjsua2_lib-i386-win32-vc14-release\persistent.sbr
c:\myproject\wlsy\pjproject-2.9\pjsip\build\output\pjsua2_lib-i386-win32-vc14-release\presence.sbr
c:\myproject\wlsy\pjproject-2.9\pjsip\build\output\pjsua2_lib-i386-win32-vc14-release\siptypes.sbr
c:\myproject\wlsy\pjproject-2.9\pjsip\build\output\pjsua2_lib-i386-win32-vc14-release\types.sbr
c:\myproject\wlsy\pjproject-2.9\pjsip\build\output\pjsua2_lib-i386-win32-vc14-release\types.obj
c:\myproject\wlsy\pjproject-2.9\pjsip\build\output\pjsua2_lib-i386-win32-vc14-release\siptypes.obj
c:\myproject\wlsy\pjproject-2.9\pjsip\build\output\pjsua2_lib-i386-win32-vc14-release\presence.obj
c:\myproject\wlsy\pjproject-2.9\pjsip\build\output\pjsua2_lib-i386-win32-vc14-release\persistent.obj
c:\myproject\wlsy\pjproject-2.9\pjsip\build\output\pjsua2_lib-i386-win32-vc14-release\media.obj
c:\myproject\wlsy\pjproject-2.9\pjsip\build\output\pjsua2_lib-i386-win32-vc14-release\json.obj
c:\myproject\wlsy\pjproject-2.9\pjsip\build\output\pjsua2_lib-i386-win32-vc14-release\endpoint.obj
c:\myproject\wlsy\pjproject-2.9\pjsip\build\output\pjsua2_lib-i386-win32-vc14-release\call.obj
c:\myproject\wlsy\pjproject-2.9\pjsip\build\output\pjsua2_lib-i386-win32-vc14-release\account.obj
c:\myproject\wlsy\pjproject-2.9\pjsip\lib\pjsua2-lib-i386-win32-vc14-release.lib
c:\myproject\wlsy\pjproject-2.9\pjsip\build\..\lib\pjsua2-lib-i386-win32-vc14-release.lib
c:\myproject\wlsy\pjproject-2.9\pjsip\build\output\pjsua2_lib-i386-win32-vc14-release\pjsua2_lib.tlog\bscmake.command.1.tlog
c:\myproject\wlsy\pjproject-2.9\pjsip\build\output\pjsua2_lib-i386-win32-vc14-release\pjsua2_lib.tlog\bscmake.read.1.tlog
c:\myproject\wlsy\pjproject-2.9\pjsip\build\output\pjsua2_lib-i386-win32-vc14-release\pjsua2_lib.tlog\bscmake.write.1.tlog
c:\myproject\wlsy\pjproject-2.9\pjsip\build\output\pjsua2_lib-i386-win32-vc14-release\pjsua2_lib.tlog\cl.command.1.tlog
c:\myproject\wlsy\pjproject-2.9\pjsip\build\output\pjsua2_lib-i386-win32-vc14-release\pjsua2_lib.tlog\cl.read.1.tlog
c:\myproject\wlsy\pjproject-2.9\pjsip\build\output\pjsua2_lib-i386-win32-vc14-release\pjsua2_lib.tlog\cl.write.1.tlog
c:\myproject\wlsy\pjproject-2.9\pjsip\build\output\pjsua2_lib-i386-win32-vc14-release\pjsua2_lib.tlog\lib-link.read.1.tlog
c:\myproject\wlsy\pjproject-2.9\pjsip\build\output\pjsua2_lib-i386-win32-vc14-release\pjsua2_lib.tlog\lib-link.write.1.tlog
c:\myproject\wlsy\pjproject-2.9\pjsip\build\output\pjsua2_lib-i386-win32-vc14-release\pjsua2_lib.tlog\lib.command.1.tlog
