c:\myproject\wlsy\pjproject-2.9\pjsip\lib\pjsip-ua-i386-win32-vc14-release.bsc
c:\myproject\wlsy\pjproject-2.9\pjsip\build\output\pjsip_ua-i386-win32-vc14-release\pjsip_ua.pdb
c:\myproject\wlsy\pjproject-2.9\pjsip\build\output\pjsip_ua-i386-win32-vc14-release\sip_100rel.sbr
c:\myproject\wlsy\pjproject-2.9\pjsip\build\output\pjsip_ua-i386-win32-vc14-release\sip_inv.sbr
c:\myproject\wlsy\pjproject-2.9\pjsip\build\output\pjsip_ua-i386-win32-vc14-release\sip_reg.sbr
c:\myproject\wlsy\pjproject-2.9\pjsip\build\output\pjsip_ua-i386-win32-vc14-release\sip_replaces.sbr
c:\myproject\wlsy\pjproject-2.9\pjsip\build\output\pjsip_ua-i386-win32-vc14-release\sip_timer.sbr
c:\myproject\wlsy\pjproject-2.9\pjsip\build\output\pjsip_ua-i386-win32-vc14-release\sip_xfer.sbr
c:\myproject\wlsy\pjproject-2.9\pjsip\build\output\pjsip_ua-i386-win32-vc14-release\sip_xfer.obj
c:\myproject\wlsy\pjproject-2.9\pjsip\build\output\pjsip_ua-i386-win32-vc14-release\sip_timer.obj
c:\myproject\wlsy\pjproject-2.9\pjsip\build\output\pjsip_ua-i386-win32-vc14-release\sip_replaces.obj
c:\myproject\wlsy\pjproject-2.9\pjsip\build\output\pjsip_ua-i386-win32-vc14-release\sip_reg.obj
c:\myproject\wlsy\pjproject-2.9\pjsip\build\output\pjsip_ua-i386-win32-vc14-release\sip_inv.obj
c:\myproject\wlsy\pjproject-2.9\pjsip\build\output\pjsip_ua-i386-win32-vc14-release\sip_100rel.obj
c:\myproject\wlsy\pjproject-2.9\pjsip\lib\pjsip-ua-i386-win32-vc14-release.lib
c:\myproject\wlsy\pjproject-2.9\pjsip\build\..\lib\pjsip-ua-i386-win32-vc14-release.lib
c:\myproject\wlsy\pjproject-2.9\pjsip\build\output\pjsip_ua-i386-win32-vc14-release\pjsip_ua.tlog\bscmake.command.1.tlog
c:\myproject\wlsy\pjproject-2.9\pjsip\build\output\pjsip_ua-i386-win32-vc14-release\pjsip_ua.tlog\bscmake.read.1.tlog
c:\myproject\wlsy\pjproject-2.9\pjsip\build\output\pjsip_ua-i386-win32-vc14-release\pjsip_ua.tlog\bscmake.write.1.tlog
c:\myproject\wlsy\pjproject-2.9\pjsip\build\output\pjsip_ua-i386-win32-vc14-release\pjsip_ua.tlog\cl.command.1.tlog
c:\myproject\wlsy\pjproject-2.9\pjsip\build\output\pjsip_ua-i386-win32-vc14-release\pjsip_ua.tlog\cl.read.1.tlog
c:\myproject\wlsy\pjproject-2.9\pjsip\build\output\pjsip_ua-i386-win32-vc14-release\pjsip_ua.tlog\cl.write.1.tlog
c:\myproject\wlsy\pjproject-2.9\pjsip\build\output\pjsip_ua-i386-win32-vc14-release\pjsip_ua.tlog\lib-link.read.1.tlog
c:\myproject\wlsy\pjproject-2.9\pjsip\build\output\pjsip_ua-i386-win32-vc14-release\pjsip_ua.tlog\lib-link.write.1.tlog
c:\myproject\wlsy\pjproject-2.9\pjsip\build\output\pjsip_ua-i386-win32-vc14-release\pjsip_ua.tlog\lib.command.1.tlog
