c:\myproject\wlsy\pjproject-2.9\pjsip\lib\pjsip-core-i386-win32-vc14-release.bsc
c:\myproject\wlsy\pjproject-2.9\pjsip\build\output\pjsip_core-i386-win32-vc14-release\pjsip_core.pdb
c:\myproject\wlsy\pjproject-2.9\pjsip\build\output\pjsip_core-i386-win32-vc14-release\sip_auth_aka.sbr
c:\myproject\wlsy\pjproject-2.9\pjsip\build\output\pjsip_core-i386-win32-vc14-release\sip_auth_client.sbr
c:\myproject\wlsy\pjproject-2.9\pjsip\build\output\pjsip_core-i386-win32-vc14-release\sip_auth_msg.sbr
c:\myproject\wlsy\pjproject-2.9\pjsip\build\output\pjsip_core-i386-win32-vc14-release\sip_auth_parser.sbr
c:\myproject\wlsy\pjproject-2.9\pjsip\build\output\pjsip_core-i386-win32-vc14-release\sip_auth_server.sbr
c:\myproject\wlsy\pjproject-2.9\pjsip\build\output\pjsip_core-i386-win32-vc14-release\sip_config.sbr
c:\myproject\wlsy\pjproject-2.9\pjsip\build\output\pjsip_core-i386-win32-vc14-release\sip_dialog.sbr
c:\myproject\wlsy\pjproject-2.9\pjsip\build\output\pjsip_core-i386-win32-vc14-release\sip_endpoint.sbr
c:\myproject\wlsy\pjproject-2.9\pjsip\build\output\pjsip_core-i386-win32-vc14-release\sip_errno.sbr
c:\myproject\wlsy\pjproject-2.9\pjsip\build\output\pjsip_core-i386-win32-vc14-release\sip_msg.sbr
c:\myproject\wlsy\pjproject-2.9\pjsip\build\output\pjsip_core-i386-win32-vc14-release\sip_multipart.sbr
c:\myproject\wlsy\pjproject-2.9\pjsip\build\output\pjsip_core-i386-win32-vc14-release\sip_parser.sbr
c:\myproject\wlsy\pjproject-2.9\pjsip\build\output\pjsip_core-i386-win32-vc14-release\sip_resolve.sbr
c:\myproject\wlsy\pjproject-2.9\pjsip\build\output\pjsip_core-i386-win32-vc14-release\sip_tel_uri.sbr
c:\myproject\wlsy\pjproject-2.9\pjsip\build\output\pjsip_core-i386-win32-vc14-release\sip_transaction.sbr
c:\myproject\wlsy\pjproject-2.9\pjsip\build\output\pjsip_core-i386-win32-vc14-release\sip_transport.sbr
c:\myproject\wlsy\pjproject-2.9\pjsip\build\output\pjsip_core-i386-win32-vc14-release\sip_transport_loop.sbr
c:\myproject\wlsy\pjproject-2.9\pjsip\build\output\pjsip_core-i386-win32-vc14-release\sip_transport_tcp.sbr
c:\myproject\wlsy\pjproject-2.9\pjsip\build\output\pjsip_core-i386-win32-vc14-release\sip_transport_tls.sbr
c:\myproject\wlsy\pjproject-2.9\pjsip\build\output\pjsip_core-i386-win32-vc14-release\sip_transport_udp.sbr
c:\myproject\wlsy\pjproject-2.9\pjsip\build\output\pjsip_core-i386-win32-vc14-release\sip_transport_udp.obj
c:\myproject\wlsy\pjproject-2.9\pjsip\build\output\pjsip_core-i386-win32-vc14-release\sip_transport_tls.obj
c:\myproject\wlsy\pjproject-2.9\pjsip\build\output\pjsip_core-i386-win32-vc14-release\sip_transport_tcp.obj
c:\myproject\wlsy\pjproject-2.9\pjsip\build\output\pjsip_core-i386-win32-vc14-release\sip_transport_loop.obj
c:\myproject\wlsy\pjproject-2.9\pjsip\build\output\pjsip_core-i386-win32-vc14-release\sip_transport.obj
c:\myproject\wlsy\pjproject-2.9\pjsip\build\output\pjsip_core-i386-win32-vc14-release\sip_transaction.obj
c:\myproject\wlsy\pjproject-2.9\pjsip\build\output\pjsip_core-i386-win32-vc14-release\sip_tel_uri.obj
c:\myproject\wlsy\pjproject-2.9\pjsip\build\output\pjsip_core-i386-win32-vc14-release\sip_resolve.obj
c:\myproject\wlsy\pjproject-2.9\pjsip\build\output\pjsip_core-i386-win32-vc14-release\sip_parser.obj
c:\myproject\wlsy\pjproject-2.9\pjsip\build\output\pjsip_core-i386-win32-vc14-release\sip_multipart.obj
c:\myproject\wlsy\pjproject-2.9\pjsip\build\output\pjsip_core-i386-win32-vc14-release\sip_msg.obj
c:\myproject\wlsy\pjproject-2.9\pjsip\build\output\pjsip_core-i386-win32-vc14-release\sip_errno.obj
c:\myproject\wlsy\pjproject-2.9\pjsip\build\output\pjsip_core-i386-win32-vc14-release\sip_endpoint.obj
c:\myproject\wlsy\pjproject-2.9\pjsip\build\output\pjsip_core-i386-win32-vc14-release\sip_dialog.obj
c:\myproject\wlsy\pjproject-2.9\pjsip\build\output\pjsip_core-i386-win32-vc14-release\sip_config.obj
c:\myproject\wlsy\pjproject-2.9\pjsip\build\output\pjsip_core-i386-win32-vc14-release\sip_auth_server.obj
c:\myproject\wlsy\pjproject-2.9\pjsip\build\output\pjsip_core-i386-win32-vc14-release\sip_auth_parser.obj
c:\myproject\wlsy\pjproject-2.9\pjsip\build\output\pjsip_core-i386-win32-vc14-release\sip_auth_msg.obj
c:\myproject\wlsy\pjproject-2.9\pjsip\build\output\pjsip_core-i386-win32-vc14-release\sip_auth_client.obj
c:\myproject\wlsy\pjproject-2.9\pjsip\build\output\pjsip_core-i386-win32-vc14-release\sip_auth_aka.obj
c:\myproject\wlsy\pjproject-2.9\pjsip\build\output\pjsip_core-i386-win32-vc14-release\sip_ua_layer.sbr
c:\myproject\wlsy\pjproject-2.9\pjsip\build\output\pjsip_core-i386-win32-vc14-release\sip_uri.sbr
c:\myproject\wlsy\pjproject-2.9\pjsip\build\output\pjsip_core-i386-win32-vc14-release\sip_util.sbr
c:\myproject\wlsy\pjproject-2.9\pjsip\build\output\pjsip_core-i386-win32-vc14-release\sip_util_proxy.sbr
c:\myproject\wlsy\pjproject-2.9\pjsip\build\output\pjsip_core-i386-win32-vc14-release\sip_util_statefull.sbr
c:\myproject\wlsy\pjproject-2.9\pjsip\build\output\pjsip_core-i386-win32-vc14-release\sip_util_statefull.obj
c:\myproject\wlsy\pjproject-2.9\pjsip\build\output\pjsip_core-i386-win32-vc14-release\sip_util_proxy.obj
c:\myproject\wlsy\pjproject-2.9\pjsip\build\output\pjsip_core-i386-win32-vc14-release\sip_util.obj
c:\myproject\wlsy\pjproject-2.9\pjsip\build\output\pjsip_core-i386-win32-vc14-release\sip_uri.obj
c:\myproject\wlsy\pjproject-2.9\pjsip\build\output\pjsip_core-i386-win32-vc14-release\sip_ua_layer.obj
c:\myproject\wlsy\pjproject-2.9\pjsip\lib\pjsip-core-i386-win32-vc14-release.lib
c:\myproject\wlsy\pjproject-2.9\pjsip\build\..\lib\pjsip-core-i386-win32-vc14-release.lib
c:\myproject\wlsy\pjproject-2.9\pjsip\build\output\pjsip_core-i386-win32-vc14-release\pjsip_core.tlog\bscmake.command.1.tlog
c:\myproject\wlsy\pjproject-2.9\pjsip\build\output\pjsip_core-i386-win32-vc14-release\pjsip_core.tlog\bscmake.read.1.tlog
c:\myproject\wlsy\pjproject-2.9\pjsip\build\output\pjsip_core-i386-win32-vc14-release\pjsip_core.tlog\bscmake.write.1.tlog
c:\myproject\wlsy\pjproject-2.9\pjsip\build\output\pjsip_core-i386-win32-vc14-release\pjsip_core.tlog\cl.command.1.tlog
c:\myproject\wlsy\pjproject-2.9\pjsip\build\output\pjsip_core-i386-win32-vc14-release\pjsip_core.tlog\cl.read.1.tlog
c:\myproject\wlsy\pjproject-2.9\pjsip\build\output\pjsip_core-i386-win32-vc14-release\pjsip_core.tlog\cl.write.1.tlog
c:\myproject\wlsy\pjproject-2.9\pjsip\build\output\pjsip_core-i386-win32-vc14-release\pjsip_core.tlog\lib-link.read.1.tlog
c:\myproject\wlsy\pjproject-2.9\pjsip\build\output\pjsip_core-i386-win32-vc14-release\pjsip_core.tlog\lib-link.write.1.tlog
c:\myproject\wlsy\pjproject-2.9\pjsip\build\output\pjsip_core-i386-win32-vc14-release\pjsip_core.tlog\lib.command.1.tlog
