c:\myproject\wlsy\pjproject-2.9\pjsip\lib\pjsip-simple-i386-win32-vc14-release.bsc
c:\myproject\wlsy\pjproject-2.9\pjsip\build\output\pjsip_simple-i386-win32-vc14-release\pjsip_simple.pdb
c:\myproject\wlsy\pjproject-2.9\pjsip\build\output\pjsip_simple-i386-win32-vc14-release\errno.sbr
c:\myproject\wlsy\pjproject-2.9\pjsip\build\output\pjsip_simple-i386-win32-vc14-release\evsub.sbr
c:\myproject\wlsy\pjproject-2.9\pjsip\build\output\pjsip_simple-i386-win32-vc14-release\evsub_msg.sbr
c:\myproject\wlsy\pjproject-2.9\pjsip\build\output\pjsip_simple-i386-win32-vc14-release\iscomposing.sbr
c:\myproject\wlsy\pjproject-2.9\pjsip\build\output\pjsip_simple-i386-win32-vc14-release\mwi.sbr
c:\myproject\wlsy\pjproject-2.9\pjsip\build\output\pjsip_simple-i386-win32-vc14-release\pidf.sbr
c:\myproject\wlsy\pjproject-2.9\pjsip\build\output\pjsip_simple-i386-win32-vc14-release\presence.sbr
c:\myproject\wlsy\pjproject-2.9\pjsip\build\output\pjsip_simple-i386-win32-vc14-release\presence_body.sbr
c:\myproject\wlsy\pjproject-2.9\pjsip\build\output\pjsip_simple-i386-win32-vc14-release\publishc.sbr
c:\myproject\wlsy\pjproject-2.9\pjsip\build\output\pjsip_simple-i386-win32-vc14-release\rpid.sbr
c:\myproject\wlsy\pjproject-2.9\pjsip\build\output\pjsip_simple-i386-win32-vc14-release\xpidf.sbr
c:\myproject\wlsy\pjproject-2.9\pjsip\build\output\pjsip_simple-i386-win32-vc14-release\xpidf.obj
c:\myproject\wlsy\pjproject-2.9\pjsip\build\output\pjsip_simple-i386-win32-vc14-release\rpid.obj
c:\myproject\wlsy\pjproject-2.9\pjsip\build\output\pjsip_simple-i386-win32-vc14-release\publishc.obj
c:\myproject\wlsy\pjproject-2.9\pjsip\build\output\pjsip_simple-i386-win32-vc14-release\presence_body.obj
c:\myproject\wlsy\pjproject-2.9\pjsip\build\output\pjsip_simple-i386-win32-vc14-release\presence.obj
c:\myproject\wlsy\pjproject-2.9\pjsip\build\output\pjsip_simple-i386-win32-vc14-release\pidf.obj
c:\myproject\wlsy\pjproject-2.9\pjsip\build\output\pjsip_simple-i386-win32-vc14-release\mwi.obj
c:\myproject\wlsy\pjproject-2.9\pjsip\build\output\pjsip_simple-i386-win32-vc14-release\iscomposing.obj
c:\myproject\wlsy\pjproject-2.9\pjsip\build\output\pjsip_simple-i386-win32-vc14-release\evsub_msg.obj
c:\myproject\wlsy\pjproject-2.9\pjsip\build\output\pjsip_simple-i386-win32-vc14-release\evsub.obj
c:\myproject\wlsy\pjproject-2.9\pjsip\build\output\pjsip_simple-i386-win32-vc14-release\errno.obj
c:\myproject\wlsy\pjproject-2.9\pjsip\lib\pjsip-simple-i386-win32-vc14-release.lib
c:\myproject\wlsy\pjproject-2.9\pjsip\build\..\lib\pjsip-simple-i386-win32-vc14-release.lib
c:\myproject\wlsy\pjproject-2.9\pjsip\build\output\pjsip_simple-i386-win32-vc14-release\pjsip_simple.tlog\bscmake.command.1.tlog
c:\myproject\wlsy\pjproject-2.9\pjsip\build\output\pjsip_simple-i386-win32-vc14-release\pjsip_simple.tlog\bscmake.read.1.tlog
c:\myproject\wlsy\pjproject-2.9\pjsip\build\output\pjsip_simple-i386-win32-vc14-release\pjsip_simple.tlog\bscmake.write.1.tlog
c:\myproject\wlsy\pjproject-2.9\pjsip\build\output\pjsip_simple-i386-win32-vc14-release\pjsip_simple.tlog\cl.command.1.tlog
c:\myproject\wlsy\pjproject-2.9\pjsip\build\output\pjsip_simple-i386-win32-vc14-release\pjsip_simple.tlog\cl.read.1.tlog
c:\myproject\wlsy\pjproject-2.9\pjsip\build\output\pjsip_simple-i386-win32-vc14-release\pjsip_simple.tlog\cl.write.1.tlog
c:\myproject\wlsy\pjproject-2.9\pjsip\build\output\pjsip_simple-i386-win32-vc14-release\pjsip_simple.tlog\lib-link.read.1.tlog
c:\myproject\wlsy\pjproject-2.9\pjsip\build\output\pjsip_simple-i386-win32-vc14-release\pjsip_simple.tlog\lib-link.write.1.tlog
c:\myproject\wlsy\pjproject-2.9\pjsip\build\output\pjsip_simple-i386-win32-vc14-release\pjsip_simple.tlog\lib.command.1.tlog
